<?xml version="1.0" encoding="UTF-8"?>
<testsuite name="jrails.ViewTest" tests="3" skipped="0" failures="0" errors="0" timestamp="2024-11-18T17:12:24" hostname="DARKHOLD" time="0.004">
  <properties/>
  <testcase name="testParagraph" classname="jrails.ViewTest" time="0.002"/>
  <testcase name="testEmpty" classname="jrails.ViewTest" time="0.0"/>
  <testcase name="testLinkTo" classname="jrails.ViewTest" time="0.0"/>
  <system-out><![CDATA[]]></system-out>
  <system-err><![CDATA[]]></system-err>
</testsuite>
